[21/10/2023 10:24:10] Yahyaop25 won Bow (ID: bow, Weight: 25.0) from VOTE CRATE (ID: vote)
[21/10/2023 10:24:11] Yahyaop25 won Iron Chestplate (ID: iron_chestplate, Weight: 25.0) from VOTE CRATE (ID: vote)
[21/10/2023 10:24:12] Yahyaop25 won Crossbow (ID: crossbow, Weight: 25.0) from VOTE CRATE (ID: vote)
[21/10/2023 10:24:12] Yahyaop25 won Diamond Pickaxe (ID: diamond_pickaxe, Weight: 25.0) from VOTE CRATE (ID: vote)
[21/10/2023 10:24:15] Yahyaop25 won Fire key (ID: fire_key, Weight: 25.0) from VOTE CRATE (ID: vote)
[21/10/2023 10:24:15] Yahyaop25 won Crossbow (ID: crossbow, Weight: 25.0) from VOTE CRATE (ID: vote)
[21/10/2023 10:24:15] Yahyaop25 won Bow (ID: bow, Weight: 25.0) from VOTE CRATE (ID: vote)
[21/10/2023 10:24:15] Yahyaop25 won Iron Chestplate (ID: iron_chestplate, Weight: 25.0) from VOTE CRATE (ID: vote)
[21/10/2023 10:24:16] Yahyaop25 won Gold Ingot (ID: gold_ingot, Weight: 25.0) from VOTE CRATE (ID: vote)
[21/10/2023 10:24:16] Yahyaop25 won Diamond (ID: diamond, Weight: 25.0) from VOTE CRATE (ID: vote)
[21/10/2023 10:24:16] Yahyaop25 won Diamond Pickaxe (ID: diamond_pickaxe, Weight: 25.0) from VOTE CRATE (ID: vote)
[21/10/2023 12:19:34] Yahyaop25 won 2000$ (ID: 2000$, Weight: 25.0) from ECONOMY CRATE (ID: economy)
[21/10/2023 12:19:44] Yahyaop25 won 23K$ (ID: 23k$, Weight: 25.0) from ECONOMY CRATE (ID: economy)
[21/10/2023 12:19:44] Yahyaop25 won 33.5K$ (ID: 33.5k$, Weight: 25.0) from ECONOMY CRATE (ID: economy)
[21/10/2023 12:19:44] Yahyaop25 won 45K$ (ID: 45k$, Weight: 25.0) from ECONOMY CRATE (ID: economy)
[21/10/2023 12:19:44] Yahyaop25 won 17K$ (ID: 17k$, Weight: 25.0) from ECONOMY CRATE (ID: economy)
[21/10/2023 12:19:45] Yahyaop25 won 26K$ (ID: 26k$, Weight: 25.0) from ECONOMY CRATE (ID: economy)
[21/10/2023 12:19:46] Yahyaop25 won 5000$ (ID: 5000$, Weight: 25.0) from ECONOMY CRATE (ID: economy)
[21/10/2023 16:26:53] Yahyaop25 won Crossbow (ID: crossbow, Weight: 25.0) from INSANE CRATE (ID: insane)
[21/10/2023 16:26:55] Yahyaop25 won Legendary key (ID: legendary_key, Weight: 25.0) from INSANE CRATE (ID: insane)
[21/10/2023 16:26:56] Yahyaop25 won Shield (ID: shield, Weight: 25.0) from INSANE CRATE (ID: insane)
[21/10/2023 16:26:57] Yahyaop25 won Obsidian (ID: obsidian, Weight: 25.0) from INSANE CRATE (ID: insane)
[21/10/2023 16:26:58] Yahyaop25 won Diamond Axe (ID: diamond_axe, Weight: 25.0) from INSANE CRATE (ID: insane)
[21/10/2023 16:26:59] Yahyaop25 won Diamond Boots (ID: diamond_boots, Weight: 25.0) from INSANE CRATE (ID: insane)
[21/10/2023 16:26:59] Yahyaop25 won Trident (ID: trident, Weight: 25.0) from INSANE CRATE (ID: insane)
[21/10/2023 16:27:00] Yahyaop25 won Shield (ID: shield, Weight: 25.0) from INSANE CRATE (ID: insane)
[21/10/2023 16:27:01] Yahyaop25 won Elytra (ID: elytra, Weight: 25.0) from INSANE CRATE (ID: insane)
[21/10/2023 16:27:21] Yahyaop25 won Bow (ID: bow, Weight: 25.0) from INSANE CRATE (ID: insane)
[21/10/2023 16:27:22] Yahyaop25 won Obsidian (ID: obsidian, Weight: 25.0) from INSANE CRATE (ID: insane)
[21/10/2023 16:27:23] Yahyaop25 won 15000$ (ID: 15000$, Weight: 25.0) from INSANE CRATE (ID: insane)
[21/10/2023 16:27:24] Yahyaop25 won 15000$ (ID: 15000$, Weight: 25.0) from INSANE CRATE (ID: insane)
[21/10/2023 16:27:25] Yahyaop25 won Diamond Sword (ID: diamond_sword, Weight: 25.0) from INSANE CRATE (ID: insane)
[21/10/2023 16:27:25] Yahyaop25 won Enchanted Golden Apple (ID: enchanted_golden_apple, Weight: 25.0) from INSANE CRATE (ID: insane)
[21/10/2023 16:27:26] Yahyaop25 won Elytra (ID: elytra, Weight: 25.0) from INSANE CRATE (ID: insane)
[21/10/2023 16:27:27] Yahyaop25 won Trident (ID: trident, Weight: 25.0) from INSANE CRATE (ID: insane)
[21/10/2023 16:27:27] Yahyaop25 won Elytra (ID: elytra, Weight: 25.0) from INSANE CRATE (ID: insane)
[21/10/2023 16:27:28] Yahyaop25 won Enchanted Golden Apple (ID: enchanted_golden_apple, Weight: 25.0) from INSANE CRATE (ID: insane)
[21/10/2023 16:27:43] Yahyaop25 won Golden Apple (ID: golden_apple, Weight: 25.0) from INSANE CRATE (ID: insane)
[21/10/2023 16:27:44] Yahyaop25 won Diamond Helmet (ID: diamond_helmet, Weight: 25.0) from INSANE CRATE (ID: insane)
[21/10/2023 16:27:45] Yahyaop25 won Legendary key (ID: legendary_key, Weight: 25.0) from INSANE CRATE (ID: insane)
[21/10/2023 16:27:45] Yahyaop25 won Enchanted Golden Apple (ID: enchanted_golden_apple, Weight: 25.0) from INSANE CRATE (ID: insane)
[21/10/2023 16:27:45] Yahyaop25 won End Crystal (ID: end_crystal, Weight: 25.0) from INSANE CRATE (ID: insane)
[21/10/2023 16:34:49] Yahyaop25 won Diamond Pickaxe (ID: diamond_pickaxe, Weight: 25.0) from INSANE CRATE (ID: insane)
[21/10/2023 16:34:51] Yahyaop25 won Block of Diamond (ID: block_of_diamond, Weight: 25.0) from INSANE CRATE (ID: insane)
[21/10/2023 16:35:05] Yahyaop25 won 20000$ (ID: 20000$, Weight: 25.0) from INSANE CRATE (ID: insane)
[21/10/2023 16:35:05] Yahyaop25 won Economy key (ID: economy_key, Weight: 25.0) from INSANE CRATE (ID: insane)
[21/10/2023 16:35:06] Yahyaop25 won Crossbow (ID: crossbow, Weight: 25.0) from INSANE CRATE (ID: insane)
[21/10/2023 16:35:06] Yahyaop25 won Diamond Sword (ID: diamond_sword, Weight: 25.0) from INSANE CRATE (ID: insane)
[21/10/2023 16:35:07] Yahyaop25 won Diamond Axe (ID: diamond_axe, Weight: 25.0) from INSANE CRATE (ID: insane)
[21/10/2023 16:35:08] Yahyaop25 won Diamond Sword (ID: diamond_sword, Weight: 25.0) from INSANE CRATE (ID: insane)
[21/10/2023 16:35:09] Yahyaop25 won Diamond Leggings (ID: diamond_leggings, Weight: 25.0) from INSANE CRATE (ID: insane)
[21/10/2023 16:35:25] Yahyaop25 won Economy key (ID: economy_key, Weight: 25.0) from INSANE CRATE (ID: insane)
[21/10/2023 16:35:25] Yahyaop25 won 20000$ (ID: 20000$, Weight: 25.0) from INSANE CRATE (ID: insane)
[21/10/2023 16:35:25] Yahyaop25 won Diamond Pickaxe (ID: diamond_pickaxe, Weight: 25.0) from INSANE CRATE (ID: insane)
[21/10/2023 16:35:25] Yahyaop25 won Diamond Boots (ID: diamond_boots, Weight: 25.0) from INSANE CRATE (ID: insane)
[21/10/2023 16:35:25] Yahyaop25 won Economy key (ID: economy_key, Weight: 25.0) from INSANE CRATE (ID: insane)
[21/10/2023 16:35:25] Yahyaop25 won Diamond Pickaxe (ID: diamond_pickaxe, Weight: 25.0) from INSANE CRATE (ID: insane)
[21/10/2023 16:35:26] Yahyaop25 won Crossbow (ID: crossbow, Weight: 25.0) from INSANE CRATE (ID: insane)
[21/10/2023 16:35:26] Yahyaop25 won Diamond Boots (ID: diamond_boots, Weight: 25.0) from INSANE CRATE (ID: insane)
[21/10/2023 16:35:26] Yahyaop25 won Shield (ID: shield, Weight: 25.0) from INSANE CRATE (ID: insane)
[21/10/2023 16:35:26] Yahyaop25 won Diamond Leggings (ID: diamond_leggings, Weight: 25.0) from INSANE CRATE (ID: insane)
[21/10/2023 16:35:26] Yahyaop25 won Economy key (ID: economy_key, Weight: 25.0) from INSANE CRATE (ID: insane)
[21/10/2023 16:35:26] Yahyaop25 won 15000$ (ID: 15000$, Weight: 25.0) from INSANE CRATE (ID: insane)
[21/10/2023 16:35:27] Yahyaop25 won Diamond Sword (ID: diamond_sword, Weight: 25.0) from INSANE CRATE (ID: insane)
[21/10/2023 16:35:27] Yahyaop25 won Enchanted Golden Apple (ID: enchanted_golden_apple, Weight: 25.0) from INSANE CRATE (ID: insane)
[21/10/2023 16:35:27] Yahyaop25 won Legendary key (ID: legendary_key, Weight: 25.0) from INSANE CRATE (ID: insane)
[21/10/2023 16:35:27] Yahyaop25 won Economy key (ID: economy_key, Weight: 25.0) from INSANE CRATE (ID: insane)
[21/10/2023 16:35:27] Yahyaop25 won Obsidian (ID: obsidian, Weight: 25.0) from INSANE CRATE (ID: insane)
[21/10/2023 16:35:27] Yahyaop25 won Block of Diamond (ID: block_of_diamond, Weight: 25.0) from INSANE CRATE (ID: insane)
[21/10/2023 16:35:28] Yahyaop25 won Block of Diamond (ID: block_of_diamond, Weight: 25.0) from INSANE CRATE (ID: insane)
[21/10/2023 16:35:28] Yahyaop25 won Golden Carrot (ID: golden_carrot, Weight: 25.0) from INSANE CRATE (ID: insane)
[21/10/2023 16:35:28] Yahyaop25 won Enchanted Golden Apple (ID: enchanted_golden_apple, Weight: 25.0) from INSANE CRATE (ID: insane)
[21/10/2023 16:36:07] Yahyaop25 won Diamond Axe (ID: diamond_axe, Weight: 25.0) from INSANE CRATE (ID: insane)
[21/10/2023 16:36:08] Yahyaop25 won Trident (ID: trident, Weight: 25.0) from INSANE CRATE (ID: insane)
[21/10/2023 16:36:10] Yahyaop25 won 15000$ (ID: 15000$, Weight: 25.0) from INSANE CRATE (ID: insane)
[21/10/2023 16:36:11] Yahyaop25 won Diamond Helmet (ID: diamond_helmet, Weight: 25.0) from INSANE CRATE (ID: insane)
[21/10/2023 16:36:12] Yahyaop25 won 15000$ (ID: 15000$, Weight: 25.0) from INSANE CRATE (ID: insane)
[21/10/2023 16:36:12] Yahyaop25 won Diamond Pickaxe (ID: diamond_pickaxe, Weight: 25.0) from INSANE CRATE (ID: insane)
[21/10/2023 16:36:12] Yahyaop25 won Block of Diamond (ID: block_of_diamond, Weight: 25.0) from INSANE CRATE (ID: insane)
[21/10/2023 16:36:13] Yahyaop25 won Elytra (ID: elytra, Weight: 25.0) from INSANE CRATE (ID: insane)
[21/10/2023 16:36:13] Yahyaop25 won Block of Diamond (ID: block_of_diamond, Weight: 25.0) from INSANE CRATE (ID: insane)
[21/10/2023 16:36:13] Yahyaop25 won Elytra (ID: elytra, Weight: 25.0) from INSANE CRATE (ID: insane)
[21/10/2023 16:36:13] Yahyaop25 won Diamond Axe (ID: diamond_axe, Weight: 25.0) from INSANE CRATE (ID: insane)
[21/10/2023 16:36:13] Yahyaop25 won End Crystal (ID: end_crystal, Weight: 25.0) from INSANE CRATE (ID: insane)
[21/10/2023 16:36:13] Yahyaop25 won Shield (ID: shield, Weight: 25.0) from INSANE CRATE (ID: insane)
[21/10/2023 16:36:13] Yahyaop25 won 20000$ (ID: 20000$, Weight: 25.0) from INSANE CRATE (ID: insane)
[21/10/2023 16:36:14] Yahyaop25 won Block of Netherite (ID: block_of_netherite, Weight: 25.0) from INSANE CRATE (ID: insane)
[21/10/2023 16:36:14] Yahyaop25 won Diamond Leggings (ID: diamond_leggings, Weight: 25.0) from INSANE CRATE (ID: insane)
[21/10/2023 16:36:14] Yahyaop25 won 15000$ (ID: 15000$, Weight: 25.0) from INSANE CRATE (ID: insane)
[21/10/2023 16:36:24] Yahyaop25 won Crossbow (ID: crossbow, Weight: 25.0) from INSANE CRATE (ID: insane)
[21/10/2023 16:36:25] Yahyaop25 won 20000$ (ID: 20000$, Weight: 25.0) from INSANE CRATE (ID: insane)
[21/10/2023 16:39:38] Yahyaop25 won Economy key (ID: economy_key, Weight: 25.0) from INSANE CRATE (ID: insane)
[21/10/2023 16:39:39] Yahyaop25 won Bow (ID: bow, Weight: 25.0) from INSANE CRATE (ID: insane)
[21/10/2023 16:39:41] Yahyaop25 won Elytra (ID: elytra, Weight: 25.0) from INSANE CRATE (ID: insane)
[21/10/2023 16:39:43] Yahyaop25 won Block of Netherite (ID: block_of_netherite, Weight: 25.0) from INSANE CRATE (ID: insane)
[21/10/2023 16:39:44] Yahyaop25 won Diamond Leggings (ID: diamond_leggings, Weight: 25.0) from INSANE CRATE (ID: insane)
[21/10/2023 16:39:45] Yahyaop25 won Diamond Chestplate (ID: diamond_chestplate, Weight: 25.0) from INSANE CRATE (ID: insane)
[21/10/2023 16:39:45] Yahyaop25 won Golden Apple (ID: golden_apple, Weight: 25.0) from INSANE CRATE (ID: insane)
[21/10/2023 17:03:48] Yahyaop25 won 50K$ (ID: 50k$, Weight: 25.0) from ECONOMY CRATE (ID: economy)
[21/10/2023 17:04:33] Yahyaop25 won 20000$ (ID: 20000$, Weight: 25.0) from LEGENDARY CRATE (ID: legendary)
[11/03/2024 13:48:40] AlejandroUxl won Netherite Scrap (ID: 102, Weight: 13.0) from BA√öL VOTE (ID: ba√∫l_vote)
[11/03/2024 13:48:44] AlejandroUxl won Caja de shulker verde lima (ID: caja_de_shulker_verde_lima, Weight: 25.0) from BA√öL VOTE (ID: ba√∫l_vote)
[11/03/2024 14:12:05] AlejandroUxl won Generador de HUESOS (ID: generador_de_huesos, Weight: 25.0) from BA√öL GENERADOR (ID: ba√∫l_generadores)
[11/03/2024 15:10:29] AlejandroUxl won Esencias INSTANTANEAS (ID: esencias_instantaneas, Weight: 25.0) from BA√öL ESENCIAS (ID: ba√∫l_esencias)
[11/03/2024 15:11:22] AlejandroUxl won Brocha de VENTA (ID: brocha_de_venta13, Weight: 25.0) from BA√öL BROCHAS (ID: ba√∫l_brochas)
[11/03/2024 15:11:23] AlejandroUxl won Brocha de VENTA (ID: brocha_de_venta25, Weight: 25.0) from BA√öL BROCHAS (ID: ba√∫l_brochas)
[11/03/2024 15:11:31] AlejandroUxl won Esencias INSTANTANEAS (ID: esencias_instantaneas19, Weight: 25.0) from BA√öL ESENCIAS (ID: ba√∫l_esencias)
[11/03/2024 15:11:35] AlejandroUxl won Equipamento LEGENDARIO (ID: equipamento_legendario2, Weight: 25.0) from BA√öL FARM (ID: ba√∫l_farm)
[11/03/2024 15:12:24] AlejandroUxl won Firework Rocket (ID: 10, Weight: 12.65) from BA√öL VOTE (ID: ba√∫l_vote)
[11/03/2024 15:15:58] AlejandroUxl won Generador de HIERRO (ID: generador_de_hierro, Weight: 25.0) from BA√öL GENERADOR (ID: ba√∫l_generadores)
[11/03/2024 15:16:16] AlejandroUxl won Generador de ESPONJA (ID: generador_de_esponja, Weight: 25.0) from BA√öL GENERADOR (ID: ba√∫l_generadores)
[11/03/2024 15:16:55] AlejandroUxl won Generador de CAMAR√ìN (ID: generador_de_camar√≥n, Weight: 25.0) from BA√öL GENERADOR (ID: ba√∫l_generadores)
[11/03/2024 15:16:58] AlejandroUxl won Generador de MIEL (ID: generador_de_miel, Weight: 25.0) from BA√öL GENERADOR (ID: ba√∫l_generadores)
[11/03/2024 15:16:58] AlejandroUxl won Generador de CORAL (ID: generador_de_coral, Weight: 25.0) from BA√öL GENERADOR (ID: ba√∫l_generadores)
[11/03/2024 15:16:58] AlejandroUxl won Generador de CANGREJO (ID: generador_de_cangrejo, Weight: 25.0) from BA√öL GENERADOR (ID: ba√∫l_generadores)
[11/03/2024 15:16:59] AlejandroUxl won Generador de MAGMA (ID: generador_de_magma, Weight: 25.0) from BA√öL GENERADOR (ID: ba√∫l_generadores)
[11/03/2024 15:16:59] AlejandroUxl won Generador de QUARZO (ID: generador_de_quarzo, Weight: 25.0) from BA√öL GENERADOR (ID: ba√∫l_generadores)
[11/03/2024 15:16:59] AlejandroUxl won Generador de HALGAS (ID: generador_de_halgas, Weight: 25.0) from BA√öL GENERADOR (ID: ba√∫l_generadores)
[11/03/2024 15:17:00] AlejandroUxl won Generador del INFIERNO (ID: generador_del_infierno, Weight: 25.0) from BA√öL GENERADOR (ID: ba√∫l_generadores)
[11/03/2024 15:17:00] AlejandroUxl won Generador de BEDROCK (ID: generador_de_bedrock, Weight: 25.0) from BA√öL GENERADOR (ID: ba√∫l_generadores)
[11/03/2024 15:17:00] AlejandroUxl won Generador de HIELO (ID: generador_de_hielo, Weight: 25.0) from BA√öL GENERADOR (ID: ba√∫l_generadores)
[11/03/2024 15:17:00] AlejandroUxl won Generador de DEMONIOS (ID: generador_de_demonios, Weight: 25.0) from BA√öL GENERADOR (ID: ba√∫l_generadores)
[11/03/2024 15:17:00] AlejandroUxl won Generador de PULPOS (ID: generador_de_pulpos, Weight: 25.0) from BA√öL GENERADOR (ID: ba√∫l_generadores)
[11/03/2024 15:17:00] AlejandroUxl won Generador de ABEJAS (ID: generador_de_abejas, Weight: 25.0) from BA√öL GENERADOR (ID: ba√∫l_generadores)
[11/03/2024 15:17:00] AlejandroUxl won Generador de LINTERNA (ID: generador_de_linterna, Weight: 25.0) from BA√öL GENERADOR (ID: ba√∫l_generadores)
[11/03/2024 15:17:00] AlejandroUxl won Generador de CANGREJO (ID: generador_de_cangrejo, Weight: 25.0) from BA√öL GENERADOR (ID: ba√∫l_generadores)
[11/03/2024 15:17:00] AlejandroUxl won Generador de ORO (ID: generador_de_oro, Weight: 25.0) from BA√öL GENERADOR (ID: ba√∫l_generadores)
[11/03/2024 15:17:00] AlejandroUxl won Generador de LINTERNA (ID: generador_de_linterna, Weight: 25.0) from BA√öL GENERADOR (ID: ba√∫l_generadores)
[11/03/2024 15:17:00] AlejandroUxl won Generador de MAGMA (ID: generador_de_magma, Weight: 25.0) from BA√öL GENERADOR (ID: ba√∫l_generadores)
[11/03/2024 15:17:00] AlejandroUxl won Generador de PEPITAS (ID: generador_de_pepitas, Weight: 25.0) from BA√öL GENERADOR (ID: ba√∫l_generadores)
[11/03/2024 15:17:00] AlejandroUxl won Generador de HIERRO (ID: generador_de_hierro, Weight: 25.0) from BA√öL GENERADOR (ID: ba√∫l_generadores)
[11/03/2024 15:17:00] AlejandroUxl won Generador de REDSTONE (ID: generador_de_redstone, Weight: 25.0) from BA√öL GENERADOR (ID: ba√∫l_generadores)
[11/03/2024 15:17:00] AlejandroUxl won Generador de CARB√ìN (ID: generador_de_carb√≥n, Weight: 25.0) from BA√öL GENERADOR (ID: ba√∫l_generadores)
[11/03/2024 15:32:12] AlejandroUxl won + 2,000 XP (ID: 5, Weight: 25.0) from BA√öL VOTE (ID: ba√∫l_vote)
[23/10/2024 00:18:05] uWrap won Libro encantado (ID: libro_encantado, Weight: 25.0) from BA⁄L VOTE (ID: ba˙l_vote)
